2019-10-04 12:46:27,392  INFO [main] LogReports:23 - Chrome browser started...
2019-10-04 12:46:37,442  INFO [main] LogReports:23 - Application is open...
2019-10-04 12:47:58,236  INFO [main] LogReports:23 - Chrome browser started...
2019-10-04 12:48:08,231  INFO [main] LogReports:23 - Application is open...
2019-10-04 12:51:27,191  INFO [main] LogReports:23 - Chrome browser started...
2019-10-04 12:51:37,097  INFO [main] LogReports:23 - Application is open...
2019-10-04 12:54:35,750  INFO [main] LogReports:23 - Chrome browser started...
2019-10-04 12:54:45,729  INFO [main] LogReports:23 - Application is open...
2019-10-04 12:58:11,129  INFO [main] LogReports:23 - Chrome browser started...
2019-10-04 12:58:21,153  INFO [main] LogReports:23 - Application is open...
2019-10-04 12:58:21,185  INFO [main] LogReports:23 - Locator type doesn't existnull
2019-10-04 13:00:07,311  INFO [main] LogReports:23 - Chrome browser started...
2019-10-04 13:00:16,713  INFO [main] LogReports:23 - Application is open...
2019-10-04 13:01:50,459  INFO [main] LogReports:23 - Chrome browser started...
2019-10-04 13:02:00,488  INFO [main] LogReports:23 - Application is open...
2019-10-04 13:05:39,243  INFO [main] LogReports:23 - Chrome browser started...
2019-10-04 13:05:48,678  INFO [main] LogReports:23 - Application is open...
2019-10-04 13:06:33,098  INFO [main] LogReports:23 - Chrome browser started...
2019-10-04 13:06:43,925  INFO [main] LogReports:23 - Application is open...
2019-10-04 13:08:13,103  INFO [main] LogReports:23 - Chrome browser started...
2019-10-04 13:08:22,471  INFO [main] LogReports:23 - Application is open...
2019-10-04 13:09:03,151  INFO [main] LogReports:23 - Chrome browser started...
2019-10-04 13:09:12,779  INFO [main] LogReports:23 - Application is open...
2019-10-04 13:23:42,207  INFO [main] LogReports:23 - Chrome browser started...
2019-10-04 13:23:52,177  INFO [main] LogReports:23 - Application is open...
2019-10-04 13:25:48,870  INFO [main] LogReports:23 - Chrome browser started...
2019-10-04 13:25:58,914  INFO [main] LogReports:23 - Application is open...
2019-10-04 13:29:13,379  INFO [main] LogReports:23 - Chrome browser started...
2019-10-04 13:29:22,598  INFO [main] LogReports:23 - Application is open...
2019-10-04 14:07:31,622  INFO [main] LogReports:23 - Chrome browser started...
2019-10-04 14:07:41,185  INFO [main] LogReports:23 - Application is open...
2019-10-04 14:10:08,642  INFO [main] LogReports:23 - Chrome browser started...
2019-10-04 14:10:18,329  INFO [main] LogReports:23 - Application is open...
2019-10-04 14:11:54,098  INFO [main] LogReports:23 - Chrome browser started...
2019-10-04 14:12:05,209  INFO [main] LogReports:23 - Application is open...
2019-10-04 14:18:03,327  INFO [main] LogReports:23 - Chrome browser started...
2019-10-04 14:18:13,225  INFO [main] LogReports:23 - Application is open...
2019-10-04 14:22:46,537  INFO [main] LogReports:23 - Chrome browser started...
2019-10-04 14:22:56,189  INFO [main] LogReports:23 - Application is open...
2019-10-04 14:25:23,628  INFO [main] LogReports:23 - Chrome browser started...
2019-10-04 14:25:33,569  INFO [main] LogReports:23 - Application is open...
2019-10-04 14:27:44,138  INFO [main] LogReports:23 - Chrome browser started...
2019-10-04 14:27:54,017  INFO [main] LogReports:23 - Application is open...
2019-10-04 14:31:28,017  INFO [main] LogReports:23 - Chrome browser started...
2019-10-04 14:31:36,946  INFO [main] LogReports:23 - Application is open...
2019-10-04 14:34:07,848  INFO [main] LogReports:23 - Chrome browser started...
2019-10-04 14:34:17,551  INFO [main] LogReports:23 - Application is open...
2019-10-04 15:05:47,203  INFO [main] LogReports:23 - Chrome browser started...
2019-10-04 15:05:58,115  INFO [main] LogReports:23 - Application is open...
2019-10-04 15:06:02,526  INFO [main] LogReports:23 - validating productname...
2019-10-04 15:06:02,573  INFO [main] LogReports:23 - successfully validated...
2019-10-04 15:16:31,297  INFO [main] LogReports:23 - Chrome browser started...
2019-10-04 15:16:41,036  INFO [main] LogReports:23 - Application is open...
2019-10-04 15:16:43,212  INFO [main] LogReports:23 - validating productname...
2019-10-04 15:16:43,241  INFO [main] LogReports:23 - successfully validated...
2019-10-04 15:25:42,363  INFO [main] LogReports:23 - Chrome browser started...
2019-10-04 15:25:51,966  INFO [main] LogReports:23 - Application is open...
2019-10-04 15:25:54,114  INFO [main] LogReports:23 - validating productname...
2019-10-04 15:25:54,160  INFO [main] LogReports:23 - successfully validated...
2019-10-04 15:26:27,618  INFO [main] LogReports:23 - Chrome browser started...
2019-10-04 15:26:36,758  INFO [main] LogReports:23 - Application is open...
2019-10-04 15:26:43,266  INFO [main] LogReports:23 - validating productname...
2019-10-04 15:26:43,320  INFO [main] LogReports:23 - successfully validated...
2019-10-04 15:34:24,278  INFO [main] LogReports:23 - Chrome browser started...
2019-10-04 15:34:33,430  INFO [main] LogReports:23 - Application is open...
2019-10-04 15:34:36,411  INFO [main] LogReports:23 - validating correctproductname...
2019-10-04 15:37:24,975  INFO [main] LogReports:23 - Chrome browser started...
2019-10-04 15:37:34,189  INFO [main] LogReports:23 - Application is open...
2019-10-04 15:37:36,362  INFO [main] LogReports:23 - validating correctproductname...
2019-10-04 15:37:36,417  INFO [main] LogReports:23 - successfully validated...
2019-10-04 15:37:38,723  INFO [main] LogReports:23 - validating wrongproduct...
2019-10-04 15:38:39,752  INFO [main] LogReports:23 - Chrome browser started...
2019-10-04 15:38:49,538  INFO [main] LogReports:23 - Application is open...
2019-10-04 15:38:51,729  INFO [main] LogReports:23 - validating correctproductname...
2019-10-04 15:38:51,775  INFO [main] LogReports:23 - successfully validated...
2019-10-04 15:38:55,228  INFO [main] LogReports:23 - validating wrongproduct...
2019-10-04 15:50:10,475  INFO [main] LogReports:23 - Chrome browser started...
2019-10-04 15:50:19,646  INFO [main] LogReports:23 - Application is open...
2019-10-04 15:50:23,423  INFO [main] LogReports:23 - validating correctproductname...
2019-10-04 15:50:23,472  INFO [main] LogReports:23 - successfully validated...
2019-10-04 15:50:28,150  INFO [main] LogReports:23 - validating wrongproduct...
2019-10-04 15:50:28,215  INFO [main] LogReports:23 - successfully validated...
2019-10-04 15:57:35,366  INFO [main] LogReports:23 - Chrome browser started...
2019-10-04 15:57:45,332  INFO [main] LogReports:23 - Application is open...
2019-10-04 15:58:27,544  INFO [main] LogReports:23 - Chrome browser started...
2019-10-04 15:58:37,486  INFO [main] LogReports:23 - Application is open...
2019-10-04 16:10:50,978  INFO [main] LogReports:23 - Chrome browser started...
2019-10-04 16:11:02,112  INFO [main] LogReports:23 - Application is open...
2019-10-04 16:13:35,558  INFO [main] LogReports:23 - Chrome browser started...
2019-10-04 16:13:45,614  INFO [main] LogReports:23 - Application is open...
2019-10-04 16:15:00,012  INFO [main] LogReports:23 - Chrome browser started...
2019-10-04 16:15:09,180  INFO [main] LogReports:23 - Application is open...
2019-10-04 16:16:30,655  INFO [main] LogReports:23 - Chrome browser started...
2019-10-04 16:16:39,994  INFO [main] LogReports:23 - Application is open...
2019-10-04 16:18:05,040  INFO [main] LogReports:23 - Chrome browser started...
2019-10-04 16:18:13,955  INFO [main] LogReports:23 - Application is open...
2019-10-04 16:20:49,932  INFO [main] LogReports:23 - Chrome browser started...
2019-10-04 16:21:00,024  INFO [main] LogReports:23 - Application is open...
2019-10-04 16:21:04,462  INFO [main] LogReports:23 - validating correctproductname...
2019-10-04 16:21:04,517  INFO [main] LogReports:23 - successfully validated...
2019-10-04 16:21:06,893  INFO [main] LogReports:23 - validating wrongproduct...
2019-10-04 16:21:06,942  INFO [main] LogReports:23 - successfully validated...
2019-10-04 16:23:37,429  INFO [main] LogReports:23 - Chrome browser started...
2019-10-04 16:23:46,322  INFO [main] LogReports:23 - Application is open...
2019-10-04 16:24:44,794  INFO [main] LogReports:23 - Chrome browser started...
2019-10-04 16:24:53,648  INFO [main] LogReports:23 - Application is open...
2019-10-04 16:24:57,022  INFO [main] LogReports:23 - validating correctproductname...
2019-10-04 16:27:21,626  INFO [main] LogReports:23 - Chrome browser started...
2019-10-04 16:27:32,360  INFO [main] LogReports:23 - Application is open...
2019-10-04 16:27:36,305  INFO [main] LogReports:23 - validating correctproductname...
2019-10-04 16:27:36,351  INFO [main] LogReports:23 - successfully validated...
2019-10-04 16:27:38,412  INFO [main] LogReports:23 - validating wrongproduct...
2019-10-04 16:27:38,502  INFO [main] LogReports:23 - successfully validated...
2019-10-04 16:45:05,256  INFO [main] LogReports:23 - Chrome browser started...
2019-10-04 16:45:14,551  INFO [main] LogReports:23 - Application is open...
2019-10-04 16:45:18,222  INFO [main] LogReports:23 - validating correctproductname...
2019-10-04 16:45:18,264  INFO [main] LogReports:23 - successfully validated...
2019-10-04 16:45:20,598  INFO [main] LogReports:23 - validating wrongproduct...
2019-10-04 16:45:20,683  INFO [main] LogReports:23 - successfully validated...
2019-10-04 17:08:19,065  INFO [main] LogReports:23 - Chrome browser started...
2019-10-04 17:08:28,353  INFO [main] LogReports:23 - Application is open...
2019-10-04 17:40:27,720  INFO [main] LogReports:23 - Chrome browser started...
2019-10-04 17:40:36,730  INFO [main] LogReports:23 - Application is open...
2019-10-04 17:48:27,772  INFO [main] LogReports:23 - Chrome browser started...
2019-10-04 17:48:37,445  INFO [main] LogReports:23 - Application is open...
2019-10-04 17:48:41,547  INFO [main] LogReports:23 - validating correctproductname...
2019-10-04 17:48:41,604  INFO [main] LogReports:23 - successfully validated...
2019-10-04 17:48:46,444  INFO [main] LogReports:23 - validating wrongproduct...
2019-10-04 17:48:46,513  INFO [main] LogReports:23 - successfully validated...
2019-10-04 17:50:52,875  INFO [main] LogReports:23 - Chrome browser started...
2019-10-04 17:51:02,284  INFO [main] LogReports:23 - Application is open...
2019-10-04 18:07:59,103  INFO [main] LogReports:23 - Chrome browser started...
2019-10-04 18:08:09,259  INFO [main] LogReports:23 - Application is open...
2019-10-04 18:08:12,954  INFO [main] LogReports:23 - validating correctproductname...
2019-10-04 18:08:12,997  INFO [main] LogReports:23 - successfully validated...
2019-10-04 18:08:15,389  INFO [main] LogReports:23 - validating wrongproduct...
2019-10-04 18:08:15,452  INFO [main] LogReports:23 - successfully validated...
2019-10-04 19:09:05,612  INFO [main] LogReports:23 - Chrome browser started...
2019-10-04 19:09:15,005  INFO [main] LogReports:23 - Application is open...
2019-10-04 19:09:18,498  INFO [main] LogReports:23 - validating correctproductname...
2019-10-04 19:09:18,543  INFO [main] LogReports:23 - successfully validated...
2019-10-04 19:09:22,413  INFO [main] LogReports:23 - validating wrongproduct...
2019-10-04 19:09:22,488  INFO [main] LogReports:23 - successfully validated...
